[debug] [2021-02-27T14:59:46.446Z] ----------------------------------------------------------------------
[debug] [2021-02-27T14:59:46.450Z] Command:       /usr/local/bin/node /usr/local/bin/firebase init
[debug] [2021-02-27T14:59:46.451Z] CLI Version:   9.5.0
[debug] [2021-02-27T14:59:46.451Z] Platform:      darwin
[debug] [2021-02-27T14:59:46.451Z] Node Version:  v14.4.0
[debug] [2021-02-27T14:59:46.454Z] Time:          Sat Feb 27 2021 23:59:46 GMT+0900 (Korean Standard Time)
[debug] [2021-02-27T14:59:46.455Z] ----------------------------------------------------------------------
[debug] [2021-02-27T14:59:46.455Z] 
[debug] [2021-02-27T14:59:46.462Z] >>> [apiv2][query] GET https://firebase-public.firebaseio.com/cli.json [none]
[debug] [2021-02-27T14:59:46.503Z] > command requires scopes: ["email","openid","https://www.googleapis.com/auth/cloudplatformprojects.readonly","https://www.googleapis.com/auth/firebase","https://www.googleapis.com/auth/cloud-platform"]
[debug] [2021-02-27T14:59:46.503Z] > authorizing via signed-in user
[info] 
     ######## #### ########  ######## ########     ###     ######  ########
     ##        ##  ##     ## ##       ##     ##  ##   ##  ##       ##
     ######    ##  ########  ######   ########  #########  ######  ######
     ##        ##  ##    ##  ##       ##     ## ##     ##       ## ##
     ##       #### ##     ## ######## ########  ##     ##  ######  ########

You're about to initialize a Firebase project in this directory:

  /Users/HwaRyeong/Documents/Programming_Training/mozilla-training/mozilla-web-project/mozilla-drink-water-project

[debug] [2021-02-27T14:59:47.130Z] <<< [apiv2][status] GET https://firebase-public.firebaseio.com/cli.json 200
[debug] [2021-02-27T14:59:47.131Z] <<< [apiv2][body] GET https://firebase-public.firebaseio.com/cli.json {"cloudBuildErrorAfter":1594252800000,"cloudBuildWarnAfter":1590019200000,"defaultNode10After":1594252800000,"minVersion":"3.0.5","node8DeploysDisabledAfter":1613390400000,"node8RuntimeDisabledAfter":1615809600000,"node8WarnAfter":1600128000000}
[info] 
=== Project Setup
[info] 
[info] First, let's associate this project directory with a Firebase project.
[info] You can create multiple project aliases by running firebase use --add, 
[info] but for now we'll just set up a default project.
[info] 
[debug] [2021-02-27T15:01:33.410Z] > refreshing access token with scopes: []
[debug] [2021-02-27T15:01:33.410Z] >>> HTTP REQUEST POST https://www.googleapis.com/oauth2/v3/token  
 <request body omitted>
[debug] [2021-02-27T15:01:33.666Z] <<< HTTP RESPONSE 200 {"date":"Sat, 27 Feb 2021 15:01:33 GMT","expires":"Mon, 01 Jan 1990 00:00:00 GMT","cache-control":"no-cache, no-store, max-age=0, must-revalidate","pragma":"no-cache","content-type":"application/json; charset=utf-8","vary":"X-Origin, Referer, Origin,Accept-Encoding","server":"scaffolding on HTTPServer2","x-xss-protection":"0","x-frame-options":"SAMEORIGIN","x-content-type-options":"nosniff","alt-svc":"h3-29=\":443\"; ma=2592000,h3-T051=\":443\"; ma=2592000,h3-Q050=\":443\"; ma=2592000,h3-Q046=\":443\"; ma=2592000,h3-Q043=\":443\"; ma=2592000,quic=\":443\"; ma=2592000; v=\"46,43\"","accept-ranges":"none","transfer-encoding":"chunked"}
[debug] [2021-02-27T15:01:33.694Z] >>> [apiv2][query] GET https://firebase.googleapis.com/v1beta1/projects pageSize=100
[debug] [2021-02-27T15:01:34.349Z] <<< [apiv2][status] GET https://firebase.googleapis.com/v1beta1/projects 200
[debug] [2021-02-27T15:01:34.349Z] <<< [apiv2][body] GET https://firebase.googleapis.com/v1beta1/projects [omitted]
[info] i  Using project mozilla-drink-water-project (mozilla-drink-water-project) 
[info] 
=== Database Setup
[info] i  database: ensuring required API firebasedatabase.googleapis.com is enabled... 
[debug] [2021-02-27T15:01:38.038Z] > refreshing access token with scopes: ["email","https://www.googleapis.com/auth/cloud-platform","https://www.googleapis.com/auth/cloudplatformprojects.readonly","https://www.googleapis.com/auth/firebase","openid"]
[debug] [2021-02-27T15:01:38.038Z] >>> HTTP REQUEST POST https://www.googleapis.com/oauth2/v3/token  
 <request body omitted>
[debug] [2021-02-27T15:01:38.261Z] <<< HTTP RESPONSE 200 {"expires":"Mon, 01 Jan 1990 00:00:00 GMT","cache-control":"no-cache, no-store, max-age=0, must-revalidate","date":"Sat, 27 Feb 2021 15:01:38 GMT","pragma":"no-cache","content-type":"application/json; charset=utf-8","vary":"X-Origin, Referer, Origin,Accept-Encoding","server":"scaffolding on HTTPServer2","x-xss-protection":"0","x-frame-options":"SAMEORIGIN","x-content-type-options":"nosniff","alt-svc":"h3-29=\":443\"; ma=2592000,h3-T051=\":443\"; ma=2592000,h3-Q050=\":443\"; ma=2592000,h3-Q046=\":443\"; ma=2592000,h3-Q043=\":443\"; ma=2592000,quic=\":443\"; ma=2592000; v=\"46,43\"","accept-ranges":"none","transfer-encoding":"chunked"}
[debug] [2021-02-27T15:01:38.285Z] >>> HTTP REQUEST GET https://serviceusage.googleapis.com/v1/projects/mozilla-drink-water-project/services/firebasedatabase.googleapis.com  
 
[debug] [2021-02-27T15:01:39.464Z] <<< HTTP RESPONSE 200 {"content-type":"application/json; charset=UTF-8","vary":"X-Origin, Referer, Origin,Accept-Encoding","date":"Sat, 27 Feb 2021 15:01:39 GMT","server":"ESF","cache-control":"private","x-xss-protection":"0","x-frame-options":"SAMEORIGIN","x-content-type-options":"nosniff","alt-svc":"h3-29=\":443\"; ma=2592000,h3-T051=\":443\"; ma=2592000,h3-Q050=\":443\"; ma=2592000,h3-Q046=\":443\"; ma=2592000,h3-Q043=\":443\"; ma=2592000,quic=\":443\"; ma=2592000; v=\"46,43\"","accept-ranges":"none","transfer-encoding":"chunked"}
[warn] ⚠  database: missing required API firebasedatabase.googleapis.com. Enabling now... 
[debug] [2021-02-27T15:01:39.466Z] >>> HTTP REQUEST POST https://serviceusage.googleapis.com/v1/projects/mozilla-drink-water-project/services/firebasedatabase.googleapis.com:enable  
 
[debug] [2021-02-27T15:01:40.999Z] <<< HTTP RESPONSE 200 {"content-type":"application/json; charset=UTF-8","vary":"X-Origin, Referer, Origin,Accept-Encoding","date":"Sat, 27 Feb 2021 15:01:40 GMT","server":"ESF","cache-control":"private","x-xss-protection":"0","x-frame-options":"SAMEORIGIN","x-content-type-options":"nosniff","alt-svc":"h3-29=\":443\"; ma=2592000,h3-T051=\":443\"; ma=2592000,h3-Q050=\":443\"; ma=2592000,h3-Q046=\":443\"; ma=2592000,h3-Q043=\":443\"; ma=2592000,quic=\":443\"; ma=2592000; v=\"46,43\"","accept-ranges":"none","transfer-encoding":"chunked"}
[debug] [2021-02-27T15:01:51.001Z] >>> HTTP REQUEST GET https://serviceusage.googleapis.com/v1/projects/mozilla-drink-water-project/services/firebasedatabase.googleapis.com  
 
[debug] [2021-02-27T15:01:52.780Z] <<< HTTP RESPONSE 200 {"content-type":"application/json; charset=UTF-8","vary":"X-Origin, Referer, Origin,Accept-Encoding","date":"Sat, 27 Feb 2021 15:01:51 GMT","server":"ESF","cache-control":"private","x-xss-protection":"0","x-frame-options":"SAMEORIGIN","x-content-type-options":"nosniff","alt-svc":"h3-29=\":443\"; ma=2592000,h3-T051=\":443\"; ma=2592000,h3-Q050=\":443\"; ma=2592000,h3-Q046=\":443\"; ma=2592000,h3-Q043=\":443\"; ma=2592000,quic=\":443\"; ma=2592000; v=\"46,43\"","accept-ranges":"none","transfer-encoding":"chunked"}
[info] ✔  database: required API firebasedatabase.googleapis.com is enabled 
[info] 
[debug] [2021-02-27T15:01:52.785Z] > refreshing access token with scopes: []
[debug] [2021-02-27T15:01:52.785Z] >>> HTTP REQUEST POST https://www.googleapis.com/oauth2/v3/token  
 <request body omitted>
[debug] [2021-02-27T15:01:53.000Z] <<< HTTP RESPONSE 200 {"date":"Sat, 27 Feb 2021 15:01:52 GMT","cache-control":"no-cache, no-store, max-age=0, must-revalidate","pragma":"no-cache","expires":"Mon, 01 Jan 1990 00:00:00 GMT","content-type":"application/json; charset=utf-8","vary":"X-Origin, Referer, Origin,Accept-Encoding","server":"scaffolding on HTTPServer2","x-xss-protection":"0","x-frame-options":"SAMEORIGIN","x-content-type-options":"nosniff","alt-svc":"h3-29=\":443\"; ma=2592000,h3-T051=\":443\"; ma=2592000,h3-Q050=\":443\"; ma=2592000,h3-Q046=\":443\"; ma=2592000,h3-Q043=\":443\"; ma=2592000,quic=\":443\"; ma=2592000; v=\"46,43\"","accept-ranges":"none","transfer-encoding":"chunked"}
[debug] [2021-02-27T15:01:53.027Z] >>> [apiv2][query] GET https://firebase.googleapis.com/v1beta1/projects/mozilla-drink-water-project [none]
[debug] [2021-02-27T15:01:54.005Z] <<< [apiv2][status] GET https://firebase.googleapis.com/v1beta1/projects/mozilla-drink-water-project 200
[debug] [2021-02-27T15:01:54.006Z] <<< [apiv2][body] GET https://firebase.googleapis.com/v1beta1/projects/mozilla-drink-water-project {"projectId":"mozilla-drink-water-project","projectNumber":"767064427819","displayName":"mozilla-drink-water-project","name":"projects/mozilla-drink-water-project","resources":{"hostingSite":"mozilla-drink-water-project","storageBucket":"mozilla-drink-water-project.appspot.com","locationId":"us-west2"},"state":"ACTIVE"}
[info] 
[info] Firebase Realtime Database Security Rules allow you to define how your data should be
[info] structured and when your data can be read from and written to.
[info] 
[info] ✔  Default rules have been written to  . 
[info] Future modifications to   will update Realtime Database Security Rules when you run
[info] firebase deploy.
[info] 
=== Firestore Setup
[debug] [2021-02-27T15:02:13.364Z] > refreshing access token with scopes: ["email","https://www.googleapis.com/auth/cloud-platform","https://www.googleapis.com/auth/cloudplatformprojects.readonly","https://www.googleapis.com/auth/firebase","openid"]
[debug] [2021-02-27T15:02:13.364Z] >>> HTTP REQUEST POST https://www.googleapis.com/oauth2/v3/token  
 <request body omitted>
[debug] [2021-02-27T15:02:13.750Z] <<< HTTP RESPONSE 200 {"expires":"Mon, 01 Jan 1990 00:00:00 GMT","cache-control":"no-cache, no-store, max-age=0, must-revalidate","pragma":"no-cache","date":"Sat, 27 Feb 2021 15:02:13 GMT","content-type":"application/json; charset=utf-8","vary":"X-Origin, Referer, Origin,Accept-Encoding","server":"scaffolding on HTTPServer2","x-xss-protection":"0","x-frame-options":"SAMEORIGIN","x-content-type-options":"nosniff","alt-svc":"h3-29=\":443\"; ma=2592000,h3-T051=\":443\"; ma=2592000,h3-Q050=\":443\"; ma=2592000,h3-Q046=\":443\"; ma=2592000,h3-Q043=\":443\"; ma=2592000,quic=\":443\"; ma=2592000; v=\"46,43\"","accept-ranges":"none","transfer-encoding":"chunked"}
[debug] [2021-02-27T15:02:13.779Z] >>> HTTP REQUEST GET https://serviceusage.googleapis.com/v1/projects/mozilla-drink-water-project/services/firestore.googleapis.com  
 
[debug] [2021-02-27T15:02:15.011Z] <<< HTTP RESPONSE 200 {"content-type":"application/json; charset=UTF-8","vary":"X-Origin, Referer, Origin,Accept-Encoding","date":"Sat, 27 Feb 2021 15:02:14 GMT","server":"ESF","cache-control":"private","x-xss-protection":"0","x-frame-options":"SAMEORIGIN","x-content-type-options":"nosniff","alt-svc":"h3-29=\":443\"; ma=2592000,h3-T051=\":443\"; ma=2592000,h3-Q050=\":443\"; ma=2592000,h3-Q046=\":443\"; ma=2592000,h3-Q043=\":443\"; ma=2592000,quic=\":443\"; ma=2592000; v=\"46,43\"","accept-ranges":"none","transfer-encoding":"chunked"}
[debug] [2021-02-27T15:02:15.012Z] >>> HTTP REQUEST GET https://appengine.googleapis.com/v1/apps/mozilla-drink-water-project  
 
[debug] [2021-02-27T15:02:15.883Z] <<< HTTP RESPONSE 200 {"content-type":"application/json; charset=UTF-8","vary":"X-Origin, Referer, Origin,Accept-Encoding","date":"Sat, 27 Feb 2021 15:02:15 GMT","server":"ESF","cache-control":"private","x-xss-protection":"0","x-frame-options":"SAMEORIGIN","x-content-type-options":"nosniff","alt-svc":"h3-29=\":443\"; ma=2592000,h3-T051=\":443\"; ma=2592000,h3-Q050=\":443\"; ma=2592000,h3-Q046=\":443\"; ma=2592000,h3-Q043=\":443\"; ma=2592000,quic=\":443\"; ma=2592000; v=\"46,43\"","accept-ranges":"none","transfer-encoding":"chunked"}
[debug] [2021-02-27T15:02:15.883Z] database_type: CLOUD_FIRESTORE
[debug] [2021-02-27T15:02:15.884Z] > command requires scopes: ["email","openid","https://www.googleapis.com/auth/cloudplatformprojects.readonly","https://www.googleapis.com/auth/firebase","https://www.googleapis.com/auth/cloud-platform"]
[debug] [2021-02-27T15:02:15.884Z] > authorizing via signed-in user
[debug] [2021-02-27T15:02:15.885Z] [iam] checking project mozilla-drink-water-project for permissions ["firebase.projects.get"]
[debug] [2021-02-27T15:02:15.885Z] >>> HTTP REQUEST POST https://cloudresourcemanager.googleapis.com/v1/projects/mozilla-drink-water-project:testIamPermissions  
 {"permissions":["firebase.projects.get"]}
[debug] [2021-02-27T15:02:16.684Z] <<< HTTP RESPONSE 200 {"content-type":"application/json; charset=UTF-8","vary":"X-Origin, Referer, Origin,Accept-Encoding","date":"Sat, 27 Feb 2021 15:02:16 GMT","server":"ESF","cache-control":"private","x-xss-protection":"0","x-frame-options":"SAMEORIGIN","x-content-type-options":"nosniff","server-timing":"gfet4t7; dur=592","alt-svc":"h3-29=\":443\"; ma=2592000,h3-T051=\":443\"; ma=2592000,h3-Q050=\":443\"; ma=2592000,h3-Q046=\":443\"; ma=2592000,h3-Q043=\":443\"; ma=2592000,quic=\":443\"; ma=2592000; v=\"46,43\"","accept-ranges":"none","transfer-encoding":"chunked"}
[info] 
[info] Firestore Security Rules allow you to define how and when to allow
[info] requests. You can keep these rules in your project directory
[info] and publish them with firebase deploy.
[info] 
[debug] [2021-02-27T15:02:16.690Z] >>> HTTP REQUEST GET https://firebaserules.googleapis.com/v1/projects/mozilla-drink-water-project/releases?pageSize=10&pageToken=  
 
[debug] [2021-02-27T15:02:18.068Z] <<< HTTP RESPONSE 200 {"content-type":"application/json; charset=UTF-8","vary":"X-Origin, Referer, Origin,Accept-Encoding","date":"Sat, 27 Feb 2021 15:02:17 GMT","server":"ESF","cache-control":"private","x-xss-protection":"0","x-frame-options":"SAMEORIGIN","x-content-type-options":"nosniff","alt-svc":"h3-29=\":443\"; ma=2592000,h3-T051=\":443\"; ma=2592000,h3-Q050=\":443\"; ma=2592000,h3-Q046=\":443\"; ma=2592000,h3-Q043=\":443\"; ma=2592000,quic=\":443\"; ma=2592000; v=\"46,43\"","accept-ranges":"none","transfer-encoding":"chunked"}
[debug] [2021-02-27T15:02:18.069Z] Found ruleset: projects/mozilla-drink-water-project/rulesets/9b32855f-c342-4b05-bb7d-8ae9a96bac22
[debug] [2021-02-27T15:02:18.069Z] >>> HTTP REQUEST GET https://firebaserules.googleapis.com/v1/projects/mozilla-drink-water-project/rulesets/9b32855f-c342-4b05-bb7d-8ae9a96bac22  
 
[debug] [2021-02-27T15:02:19.398Z] <<< HTTP RESPONSE 200 {"content-type":"application/json; charset=UTF-8","vary":"X-Origin, Referer, Origin,Accept-Encoding","date":"Sat, 27 Feb 2021 15:02:19 GMT","server":"ESF","cache-control":"private","x-xss-protection":"0","x-frame-options":"SAMEORIGIN","x-content-type-options":"nosniff","alt-svc":"h3-29=\":443\"; ma=2592000,h3-T051=\":443\"; ma=2592000,h3-Q050=\":443\"; ma=2592000,h3-Q046=\":443\"; ma=2592000,h3-Q043=\":443\"; ma=2592000,quic=\":443\"; ma=2592000; v=\"46,43\"","accept-ranges":"none","transfer-encoding":"chunked"}
[info] 
[info] Firestore indexes allow you to perform complex queries while
[info] maintaining performance that scales with the size of the result
[info] set. You can keep index definitions in your project directory
[info] and publish them with firebase deploy.
[info] 
[debug] [2021-02-27T15:02:34.929Z] >>> HTTP REQUEST GET https://firestore.googleapis.com/v1/projects/mozilla-drink-water-project/databases/(default)/collectionGroups/-/indexes  
 
[debug] [2021-02-27T15:02:34.930Z] >>> HTTP REQUEST GET https://firestore.googleapis.com/v1/projects/mozilla-drink-water-project/databases/(default)/collectionGroups/-/fields?filter=indexConfig.usesAncestorConfig=false  
 
[debug] [2021-02-27T15:02:36.193Z] <<< HTTP RESPONSE 200 {"content-type":"application/json; charset=UTF-8","vary":"X-Origin, Referer, Origin,Accept-Encoding","date":"Sat, 27 Feb 2021 15:02:36 GMT","server":"ESF","cache-control":"private","x-xss-protection":"0","x-frame-options":"SAMEORIGIN","x-content-type-options":"nosniff","alt-svc":"h3-29=\":443\"; ma=2592000,h3-T051=\":443\"; ma=2592000,h3-Q050=\":443\"; ma=2592000,h3-Q046=\":443\"; ma=2592000,h3-Q043=\":443\"; ma=2592000,quic=\":443\"; ma=2592000; v=\"46,43\"","accept-ranges":"none","transfer-encoding":"chunked"}
[debug] [2021-02-27T15:02:37.163Z] <<< HTTP RESPONSE 200 {"content-type":"application/json; charset=UTF-8","vary":"X-Origin, Referer, Origin,Accept-Encoding","date":"Sat, 27 Feb 2021 15:02:37 GMT","server":"ESF","cache-control":"private","x-xss-protection":"0","x-frame-options":"SAMEORIGIN","x-content-type-options":"nosniff","alt-svc":"h3-29=\":443\"; ma=2592000,h3-T051=\":443\"; ma=2592000,h3-Q050=\":443\"; ma=2592000,h3-Q046=\":443\"; ma=2592000,h3-Q043=\":443\"; ma=2592000,quic=\":443\"; ma=2592000; v=\"46,43\"","accept-ranges":"none","transfer-encoding":"chunked"}
[info] 
=== Functions Setup
[info] 
[info] A functions directory will be created in your project with a Node.js
[info] package pre-configured. Functions can be deployed with firebase deploy.
[info] 
[debug] [2021-02-27T15:02:37.166Z] > command requires scopes: ["email","openid","https://www.googleapis.com/auth/cloudplatformprojects.readonly","https://www.googleapis.com/auth/firebase","https://www.googleapis.com/auth/cloud-platform"]
[debug] [2021-02-27T15:02:37.167Z] > authorizing via signed-in user
[debug] [2021-02-27T15:02:37.167Z] [iam] checking project mozilla-drink-water-project for permissions ["firebase.projects.get"]
[debug] [2021-02-27T15:02:37.168Z] >>> HTTP REQUEST POST https://cloudresourcemanager.googleapis.com/v1/projects/mozilla-drink-water-project:testIamPermissions  
 {"permissions":["firebase.projects.get"]}
[debug] [2021-02-27T15:02:38.035Z] <<< HTTP RESPONSE 200 {"content-type":"application/json; charset=UTF-8","vary":"X-Origin, Referer, Origin,Accept-Encoding","date":"Sat, 27 Feb 2021 15:02:37 GMT","server":"ESF","cache-control":"private","x-xss-protection":"0","x-frame-options":"SAMEORIGIN","x-content-type-options":"nosniff","server-timing":"gfet4t7; dur=622","alt-svc":"h3-29=\":443\"; ma=2592000,h3-T051=\":443\"; ma=2592000,h3-Q050=\":443\"; ma=2592000,h3-Q046=\":443\"; ma=2592000,h3-Q043=\":443\"; ma=2592000,quic=\":443\"; ma=2592000; v=\"46,43\"","accept-ranges":"none","transfer-encoding":"chunked"}
[debug] [2021-02-27T15:02:38.039Z] >>> HTTP REQUEST POST https://serviceusage.googleapis.com/v1/projects/mozilla-drink-water-project/services/cloudfunctions.googleapis.com:enable  
 
[debug] [2021-02-27T15:02:38.040Z] >>> HTTP REQUEST POST https://serviceusage.googleapis.com/v1/projects/mozilla-drink-water-project/services/runtimeconfig.googleapis.com:enable  
 
[debug] [2021-02-27T15:02:39.153Z] <<< HTTP RESPONSE 200 {"content-type":"application/json; charset=UTF-8","vary":"X-Origin, Referer, Origin,Accept-Encoding","date":"Sat, 27 Feb 2021 15:02:38 GMT","server":"ESF","cache-control":"private","x-xss-protection":"0","x-frame-options":"SAMEORIGIN","x-content-type-options":"nosniff","alt-svc":"h3-29=\":443\"; ma=2592000,h3-T051=\":443\"; ma=2592000,h3-Q050=\":443\"; ma=2592000,h3-Q046=\":443\"; ma=2592000,h3-Q043=\":443\"; ma=2592000,quic=\":443\"; ma=2592000; v=\"46,43\"","accept-ranges":"none","transfer-encoding":"chunked"}
[debug] [2021-02-27T15:02:39.264Z] <<< HTTP RESPONSE 200 {"content-type":"application/json; charset=UTF-8","vary":"X-Origin, Referer, Origin,Accept-Encoding","date":"Sat, 27 Feb 2021 15:02:39 GMT","server":"ESF","cache-control":"private","x-xss-protection":"0","x-frame-options":"SAMEORIGIN","x-content-type-options":"nosniff","alt-svc":"h3-29=\":443\"; ma=2592000,h3-T051=\":443\"; ma=2592000,h3-Q050=\":443\"; ma=2592000,h3-Q046=\":443\"; ma=2592000,h3-Q043=\":443\"; ma=2592000,quic=\":443\"; ma=2592000; v=\"46,43\"","accept-ranges":"none","transfer-encoding":"chunked"}
[info] ✔  Wrote functions/package.json 
[info] ✔  Wrote functions/index.js 
[info] ✔  Wrote functions/.gitignore 
[info] 
=== Hosting Setup
[info] 
[info] Your public directory is the folder (relative to your project directory) that
[info] will contain Hosting assets to be uploaded with firebase deploy. If you
[info] have a build process for your assets, use your build's output directory.
[info] 
[debug] [2021-02-27T15:03:58.469Z] >>> [apiv2][query] GET https://www.gstatic.com/firebasejs/releases.json [none]
[debug] [2021-02-27T15:03:58.656Z] <<< [apiv2][status] GET https://www.gstatic.com/firebasejs/releases.json 200
[debug] [2021-02-27T15:03:58.656Z] <<< [apiv2][body] GET https://www.gstatic.com/firebasejs/releases.json {"current":{"version":"8.2.9","browserURL":"https://www.gstatic.com/firebasejs/8.2.9/firebase.js","packageURL":"https://www.gstatic.com/firebasejs/8.2.9/firebase.tgz"},"live":{"version":"8.2","browserURL":"https://www.gstatic.com/firebasejs/live/8.2/firebase.js","packageURL":"https://www.gstatic.com/firebasejs/live/8.2/firebase.tgz"},"components":{"analytics":"https://www.gstatic.com/firebasejs/8.2.9/firebase-analytics.js","app":"https://www.gstatic.com/firebasejs/8.2.9/firebase-app.js","auth":"https://www.gstatic.com/firebasejs/8.2.9/firebase-auth.js","database":"https://www.gstatic.com/firebasejs/8.2.9/firebase-database.js","firestore":"https://www.gstatic.com/firebasejs/8.2.9/firebase-firestore.js","functions":"https://www.gstatic.com/firebasejs/8.2.9/firebase-functions.js","installations":"https://www.gstatic.com/firebasejs/8.2.9/firebase-installations.js","messaging":"https://www.gstatic.com/firebasejs/8.2.9/firebase-messaging.js","storage":"https://www.gstatic.com/firebasejs/8.2.9/firebase-storage.js","performance":"https://www.gstatic.com/firebasejs/8.2.9/firebase-performance.js","remote-config":"https://www.gstatic.com/firebasejs/8.2.9/firebase-remote-config.js","firestore.memory":"https://www.gstatic.com/firebasejs/8.2.9/firebase-firestore.memory.js"}}
[info] ✔  Wrote public/index.html 
[info] 
[info] i  Didn't detect a .git folder. Assuming /Users/HwaRyeong/Documents/Programming_Training/mozilla-training/mozilla-web-project/mozilla-drink-water-project is the project root. 
[info] i  Authorizing with GitHub to upload your service account to a GitHub repository's secrets store. 
[info] 
[info] Visit this URL on this device to log in:
[info] https://github.com/login/oauth/authorize?client_id=89cf50f02ac6aaed3484&state=820188270&redirect_uri=http%3A%2F%2Flocalhost%3A9005&scope=read%3Auser%20repo%20public_repo
[info] 
[info] Waiting for authentication...
[debug] [2021-02-27T15:05:00.742Z] >>> HTTP REQUEST POST https://github.com/login/oauth/access_token  
 {"client_id":"89cf50f02ac6aaed3484","client_secret":"3330d14abc895d9a74d5f17cd7a00711fa2c5bf0","code":"380811e0720ecb4bcac0","redirect_uri":"http://localhost:9005","state":"820188270"}
[debug] [2021-02-27T15:05:01.024Z] <<< HTTP RESPONSE 200 {"server":"GitHub.com","date":"Sat, 27 Feb 2021 15:05:00 GMT","content-type":"application/json; charset=utf-8","vary":"X-PJAX, Accept-Encoding, Accept, X-Requested-With","etag":"W/\"803aedf2b07f035711a1688595ab4f5e\"","cache-control":"max-age=0, private, must-revalidate","strict-transport-security":"max-age=31536000; includeSubdomains; preload","x-frame-options":"deny","x-content-type-options":"nosniff","x-xss-protection":"1; mode=block","referrer-policy":"origin-when-cross-origin, strict-origin-when-cross-origin","expect-ct":"max-age=2592000, report-uri=\"https://api.github.com/_private/browser/errors\"","content-security-policy":"default-src 'none'; base-uri 'self'; block-all-mixed-content; connect-src 'self' uploads.github.com www.githubstatus.com collector.githubapp.com api.github.com github-cloud.s3.amazonaws.com github-production-repository-file-5c1aeb.s3.amazonaws.com github-production-upload-manifest-file-7fdce7.s3.amazonaws.com github-production-user-asset-6210df.s3.amazonaws.com cdn.optimizely.com logx.optimizely.com/v1/events wss://alive.github.com; font-src github.githubassets.com; form-action 'self' github.com gist.github.com; frame-ancestors 'none'; frame-src render.githubusercontent.com; img-src 'self' data: github.githubassets.com identicons.github.com collector.githubapp.com github-cloud.s3.amazonaws.com user-images.githubusercontent.com/ *.githubusercontent.com; manifest-src 'self'; media-src 'none'; script-src github.githubassets.com; style-src 'unsafe-inline' github.githubassets.com; worker-src github.com/socket-worker-5029ae85.js gist.github.com/socket-worker-5029ae85.js","x-github-request-id":"C5F1:2C88:71AD7:8137A:603A5F9C","transfer-encoding":"chunked"}
[debug] [2021-02-27T15:05:01.046Z] >>> [apiv2][query] GET https://api.github.com/user [none]
[debug] [2021-02-27T15:05:01.597Z] <<< [apiv2][status] GET https://api.github.com/user 200
[debug] [2021-02-27T15:05:01.598Z] <<< [apiv2][body] GET https://api.github.com/user {"login":"Hwa-Ryeong","id":71425357,"node_id":"MDQ6VXNlcjcxNDI1MzU3","avatar_url":"https://avatars.githubusercontent.com/u/71425357?v=4","gravatar_id":"","url":"https://api.github.com/users/Hwa-Ryeong","html_url":"https://github.com/Hwa-Ryeong","followers_url":"https://api.github.com/users/Hwa-Ryeong/followers","following_url":"https://api.github.com/users/Hwa-Ryeong/following{/other_user}","gists_url":"https://api.github.com/users/Hwa-Ryeong/gists{/gist_id}","starred_url":"https://api.github.com/users/Hwa-Ryeong/starred{/owner}{/repo}","subscriptions_url":"https://api.github.com/users/Hwa-Ryeong/subscriptions","organizations_url":"https://api.github.com/users/Hwa-Ryeong/orgs","repos_url":"https://api.github.com/users/Hwa-Ryeong/repos","events_url":"https://api.github.com/users/Hwa-Ryeong/events{/privacy}","received_events_url":"https://api.github.com/users/Hwa-Ryeong/received_events","type":"User","site_admin":false,"name":null,"company":null,"blog":"","location":null,"email":null,"hireable":null,"bio":null,"twitter_username":null,"public_repos":6,"public_gists":0,"followers":0,"following":0,"created_at":"2020-09-17T05:45:51Z","updated_at":"2021-02-27T15:04:49Z","private_gists":0,"total_private_repos":0,"owned_private_repos":0,"disk_usage":2173,"collaborators":0,"two_factor_authentication":false,"plan":{"name":"free","space":976562499,"collaborators":0,"private_repos":10000}}
[info] 
[info] ✔  Success! Logged into GitHub as Hwa-Ryeong 
[info] 
[debug] [2021-02-27T15:10:22.207Z] >>> [apiv2][query] GET https://api.github.com/repos/Hwa-Ryeong/actions/secrets/public-key type=owner
[debug] [2021-02-27T15:10:22.828Z] <<< [apiv2][status] GET https://api.github.com/repos/Hwa-Ryeong/actions/secrets/public-key 404
[debug] [2021-02-27T15:10:22.828Z] <<< [apiv2][body] GET https://api.github.com/repos/Hwa-Ryeong/actions/secrets/public-key {"message":"Not Found","documentation_url":"https://docs.github.com/rest"}
[debug] [2021-02-27T15:10:30.233Z] >>> [apiv2][query] GET https://api.github.com/repos/n/actions/secrets/public-key type=owner
[debug] [2021-02-27T15:10:30.494Z] <<< [apiv2][status] GET https://api.github.com/repos/n/actions/secrets/public-key 404
[debug] [2021-02-27T15:10:30.494Z] <<< [apiv2][body] GET https://api.github.com/repos/n/actions/secrets/public-key {"message":"Not Found","documentation_url":"https://docs.github.com/rest"}
[debug] [2021-02-27T15:10:32.522Z] >>> [apiv2][query] GET https://api.github.com/repos/n/actions/secrets/public-key type=owner
[debug] [2021-02-27T15:10:33.068Z] <<< [apiv2][status] GET https://api.github.com/repos/n/actions/secrets/public-key 404
[debug] [2021-02-27T15:10:33.068Z] <<< [apiv2][body] GET https://api.github.com/repos/n/actions/secrets/public-key {"message":"Not Found","documentation_url":"https://docs.github.com/rest"}
[debug] [2021-02-27T15:10:50.979Z] >>> [apiv2][query] GET https://api.github.com/repos/Hwa-Ryeong/mozilla-drink-water-project.git/actions/secrets/public-key type=owner
[debug] [2021-02-27T15:10:51.249Z] <<< [apiv2][status] GET https://api.github.com/repos/Hwa-Ryeong/mozilla-drink-water-project.git/actions/secrets/public-key 404
[debug] [2021-02-27T15:10:51.250Z] <<< [apiv2][body] GET https://api.github.com/repos/Hwa-Ryeong/mozilla-drink-water-project.git/actions/secrets/public-key {"message":"Not Found","documentation_url":"https://docs.github.com/rest/reference/actions#get-a-repository-public-key"}
[debug] [2021-02-27T15:11:05.179Z] >>> [apiv2][query] GET https://api.github.com/repos//Hwa-Ryeong/mozilla-drink-water-project.git/actions/secrets/public-key type=owner
[debug] [2021-02-27T15:11:05.427Z] <<< [apiv2][status] GET https://api.github.com/repos//Hwa-Ryeong/mozilla-drink-water-project.git/actions/secrets/public-key 404
[debug] [2021-02-27T15:11:05.427Z] <<< [apiv2][body] GET https://api.github.com/repos//Hwa-Ryeong/mozilla-drink-water-project.git/actions/secrets/public-key {"message":"Not Found","documentation_url":"https://docs.github.com/rest"}
[debug] [2021-02-27T15:11:12.295Z] >>> [apiv2][query] GET https://api.github.com/repos/Hwa-Ryeong/mozilla-drink-water-project.git/actions/secrets/public-key type=owner
[debug] [2021-02-27T15:11:12.559Z] <<< [apiv2][status] GET https://api.github.com/repos/Hwa-Ryeong/mozilla-drink-water-project.git/actions/secrets/public-key 404
[debug] [2021-02-27T15:11:12.560Z] <<< [apiv2][body] GET https://api.github.com/repos/Hwa-Ryeong/mozilla-drink-water-project.git/actions/secrets/public-key {"message":"Not Found","documentation_url":"https://docs.github.com/rest/reference/actions#get-a-repository-public-key"}
[debug] [2021-02-27T15:11:13.749Z] >>> [apiv2][query] GET https://api.github.com/repos//actions/secrets/public-key type=owner
[debug] [2021-02-27T15:11:14.335Z] <<< [apiv2][status] GET https://api.github.com/repos//actions/secrets/public-key 404
[debug] [2021-02-27T15:11:14.336Z] <<< [apiv2][body] GET https://api.github.com/repos//actions/secrets/public-key {"message":"Not Found","documentation_url":"https://docs.github.com/rest"}
